<?xml version="1.0" encoding="UTF-8"?>
<!-- Generated by org.testng.reporters.JUnitXMLReporter -->
<testsuite hostname="Piotrek-HP" name="Default test" tests="24" failures="0" timestamp="12 Nov 2016 16:21:18 GMT" time="418.405" errors="0">
  <testcase name="isCarPageOpenAfterClickImgInFeaturedCars" time="5.432" classname="net.phptravels.home.FeaturedOnIE"/>
  <testcase name="isCarPageOpenAfterClickImgInFeaturedCars" time="5.177" classname="net.phptravels.home.FeaturedOnIE"/>
  <testcase name="isCarPageOpenAfterClickImgInFeaturedCars" time="5.785" classname="net.phptravels.home.FeaturedOnIE"/>
  <testcase name="isCarPageOpenAfterClickImgInFeaturedCars" time="4.284" classname="net.phptravels.home.FeaturedOnIE"/>
  <testcase name="isCarPageOpenAfterClickImgInFeaturedCars" time="5.51" classname="net.phptravels.home.FeaturedOnIE"/>
  <testcase name="isCarPageOpenAfterClickImgInFeaturedCars" time="5.885" classname="net.phptravels.home.FeaturedOnIE"/>
  <testcase name="isHotelPageOpenAfterClickImgInFeaturedHotels" time="12.31" classname="net.phptravels.home.FeaturedOnIE"/>
  <testcase name="isHotelPageOpenAfterClickImgInFeaturedHotels" time="10.39" classname="net.phptravels.home.FeaturedOnIE"/>
  <testcase name="isHotelPageOpenAfterClickImgInFeaturedHotels" time="11.031" classname="net.phptravels.home.FeaturedOnIE"/>
  <testcase name="isHotelPageOpenAfterClickImgInFeaturedHotels" time="11.581" classname="net.phptravels.home.FeaturedOnIE"/>
  <testcase name="isHotelPageOpenAfterClickImgInFeaturedHotels" time="11.078" classname="net.phptravels.home.FeaturedOnIE"/>
  <testcase name="isHotelPageOpenAfterClickImgInFeaturedHotels" time="10.176" classname="net.phptravels.home.FeaturedOnIE"/>
  <testcase name="isOfferPageOpenAfterClickImgInFeaturedOffers" time="4.464" classname="net.phptravels.home.FeaturedOnIE"/>
  <testcase name="isOfferPageOpenAfterClickImgInFeaturedOffers" time="4.227" classname="net.phptravels.home.FeaturedOnIE"/>
  <testcase name="isOfferPageOpenAfterClickImgInFeaturedOffers" time="4.469" classname="net.phptravels.home.FeaturedOnIE"/>
  <testcase name="isOfferPageOpenAfterClickImgInFeaturedOffers" time="4.592" classname="net.phptravels.home.FeaturedOnIE"/>
  <testcase name="isOfferPageOpenAfterClickImgInFeaturedOffers" time="5.136" classname="net.phptravels.home.FeaturedOnIE"/>
  <testcase name="isOfferPageOpenAfterClickImgInFeaturedOffers" time="3.6" classname="net.phptravels.home.FeaturedOnIE"/>
  <testcase name="isTourPageOpenAfterClickImgInFeaturedTours" time="4.38" classname="net.phptravels.home.FeaturedOnIE"/>
  <testcase name="isTourPageOpenAfterClickImgInFeaturedTours" time="5.528" classname="net.phptravels.home.FeaturedOnIE"/>
  <testcase name="isTourPageOpenAfterClickImgInFeaturedTours" time="4.959" classname="net.phptravels.home.FeaturedOnIE"/>
  <testcase name="isTourPageOpenAfterClickImgInFeaturedTours" time="4.65" classname="net.phptravels.home.FeaturedOnIE"/>
  <testcase name="isTourPageOpenAfterClickImgInFeaturedTours" time="4.365" classname="net.phptravels.home.FeaturedOnIE"/>
  <testcase name="isTourPageOpenAfterClickImgInFeaturedTours" time="4.059" classname="net.phptravels.home.FeaturedOnIE"/>
</testsuite> <!-- Default test -->
