<?xml version="1.0" encoding="UTF-8"?>
<!-- Generated by org.testng.reporters.JUnitXMLReporter -->
<testsuite hostname="Piotrek-HP" name="Default test" tests="5" failures="0" timestamp="7 Nov 2016 18:35:05 GMT" time="203.76" errors="0">
  <testcase name="isSearchResultsOpenAfterSearchByFlight" time="9.223" classname="net.phptravels.home.SlideUpOnFirefox"/>
  <testcase name="isSearchResultsOpenAfterSearchByFlight" time="9.518" classname="net.phptravels.home.SlideUpOnFirefox"/>
  <testcase name="isSearchResultsOpenAfterSearchByFlight" time="8.246" classname="net.phptravels.home.SlideUpOnFirefox"/>
  <testcase name="isSearchResultsOpenAfterSearchByFlight" time="32.958" classname="net.phptravels.home.SlideUpOnFirefox"/>
  <testcase name="isSearchResultsOpenAfterSearchByFlight" time="9.535" classname="net.phptravels.home.SlideUpOnFirefox"/>
</testsuite> <!-- Default test -->
