<?xml version="1.0" encoding="UTF-8"?>
<!-- Generated by org.testng.reporters.JUnitXMLReporter -->
<testsuite hostname="Piotrek-HP" name="Test" tests="21" failures="1" timestamp="31 Oct 2016 16:24:14 GMT" time="460.041" errors="0">
  <testcase name="isEmailHrefCorrect" time="0.091" classname="net.phptravels.home.HeaderTopOnChrome"/>
  <testcase name="isEmailTextCorrect" time="0.071" classname="net.phptravels.home.HeaderTopOnChrome"/>
  <testcase name="isEnglishLanguageSelected" time="0.093" classname="net.phptravels.home.HeaderTopOnChrome"/>
  <testcase name="isPhoneNumberCorrect" time="0.082" classname="net.phptravels.home.HeaderTopOnChrome"/>
  <testcase name="isUSDollarSelected" time="0.15" classname="net.phptravels.home.HeaderTopOnChrome"/>
  <testcase name="selectGBPoundCurrency" time="0.31" classname="net.phptravels.home.HeaderTopOnChrome"/>
  <testcase name="selectSpanishLanguage" time="10.344" classname="net.phptravels.home.HeaderTopOnChrome"/>
  <testcase name="isEmailHrefCorrect" time="0.145" classname="net.phptravels.home.HeaderTopOnFirefox"/>
  <testcase name="isEmailTextCorrect" time="0.078" classname="net.phptravels.home.HeaderTopOnFirefox"/>
  <testcase name="isEnglishLanguageSelected" time="0.055" classname="net.phptravels.home.HeaderTopOnFirefox"/>
  <testcase name="isPhoneNumberCorrect" time="0.078" classname="net.phptravels.home.HeaderTopOnFirefox"/>
  <testcase name="isUSDollarSelected" time="0.118" classname="net.phptravels.home.HeaderTopOnFirefox"/>
  <testcase name="selectGBPoundCurrency" time="0.081" classname="net.phptravels.home.HeaderTopOnFirefox"/>
  <testcase name="selectSpanishLanguage" time="8.839" classname="net.phptravels.home.HeaderTopOnFirefox"/>
  <testcase name="isEmailHrefCorrect" time="1.85" classname="net.phptravels.home.HeaderTopOnIE"/>
  <testcase name="isEmailTextCorrect" time="2.276" classname="net.phptravels.home.HeaderTopOnIE"/>
  <testcase name="isEnglishLanguageSelected" time="2.451" classname="net.phptravels.home.HeaderTopOnIE"/>
  <testcase name="isPhoneNumberCorrect" time="2.426" classname="net.phptravels.home.HeaderTopOnIE"/>
  <testcase name="isUSDollarSelected" time="3.01" classname="net.phptravels.home.HeaderTopOnIE"/>
  <testcase name="selectGBPoundCurrency" time="2.827" classname="net.phptravels.home.HeaderTopOnIE"/>
  <testcase name="selectSpanishLanguage" time="7.662" classname="net.phptravels.home.HeaderTopOnIE">
    <failure type="java.lang.AssertionError" message="expected [Spanish] but found [English]">
      <![CDATA[java.lang.AssertionError: expected [Spanish] but found [English]
	at net.phptravels.home.HeaderTopOnIE.selectSpanishLanguage(HeaderTopOnIE.java:151)
... Removed 29 stack frames]]>
    </failure>
  </testcase> <!-- selectSpanishLanguage -->
</testsuite> <!-- Test -->
