<?xml version="1.0" encoding="UTF-8"?>
<testng-results skipped="0" failed="0" total="6" passed="6">
  <reporter-output>
  </reporter-output>
  <suite name="Default suite" duration-ms="189646" started-at="2016-11-11T08:25:57Z" finished-at="2016-11-11T08:29:06Z">
    <groups>
    </groups>
    <test name="Default test" duration-ms="189646" started-at="2016-11-11T08:25:57Z" finished-at="2016-11-11T08:29:06Z">
      <class name="net.phptravels.home.SlideUpOnFirefox">
        <test-method status="PASS" signature="beforeClass()[pri:0, instance:net.phptravels.home.SlideUpOnFirefox@1bce4f0a]" name="beforeClass" is-config="true" duration-ms="645" started-at="2016-11-11T09:25:57Z" finished-at="2016-11-11T09:25:57Z">
          <reporter-output>
          </reporter-output>
        </test-method> <!-- beforeClass -->
        <test-method status="PASS" signature="beforeMethod()[pri:0, instance:net.phptravels.home.SlideUpOnFirefox@1bce4f0a]" name="beforeMethod" is-config="true" duration-ms="16010" started-at="2016-11-11T09:25:57Z" finished-at="2016-11-11T09:26:13Z">
          <reporter-output>
          </reporter-output>
        </test-method> <!-- beforeMethod -->
        <test-method status="PASS" signature="isSearchResultsOpenAfterSearchCar()[pri:0, instance:net.phptravels.home.SlideUpOnFirefox@1bce4f0a]" name="isSearchResultsOpenAfterSearchCar" duration-ms="15546" started-at="2016-11-11T09:26:13Z" finished-at="2016-11-11T09:26:29Z">
          <reporter-output>
          </reporter-output>
        </test-method> <!-- isSearchResultsOpenAfterSearchCar -->
        <test-method status="PASS" signature="afterMethod()[pri:0, instance:net.phptravels.home.SlideUpOnFirefox@1bce4f0a]" name="afterMethod" is-config="true" duration-ms="2776" started-at="2016-11-11T09:26:29Z" finished-at="2016-11-11T09:26:32Z">
          <reporter-output>
          </reporter-output>
        </test-method> <!-- afterMethod -->
        <test-method status="PASS" signature="beforeMethod()[pri:0, instance:net.phptravels.home.SlideUpOnFirefox@1bce4f0a]" name="beforeMethod" is-config="true" duration-ms="15186" started-at="2016-11-11T09:26:32Z" finished-at="2016-11-11T09:26:47Z">
          <reporter-output>
          </reporter-output>
        </test-method> <!-- beforeMethod -->
        <test-method status="PASS" signature="isSearchResultsOpenAfterSearchCar()[pri:0, instance:net.phptravels.home.SlideUpOnFirefox@1bce4f0a]" name="isSearchResultsOpenAfterSearchCar" duration-ms="12963" started-at="2016-11-11T09:26:47Z" finished-at="2016-11-11T09:27:00Z">
          <reporter-output>
          </reporter-output>
        </test-method> <!-- isSearchResultsOpenAfterSearchCar -->
        <test-method status="PASS" signature="afterMethod()[pri:0, instance:net.phptravels.home.SlideUpOnFirefox@1bce4f0a]" name="afterMethod" is-config="true" duration-ms="988" started-at="2016-11-11T09:27:00Z" finished-at="2016-11-11T09:27:01Z">
          <reporter-output>
          </reporter-output>
        </test-method> <!-- afterMethod -->
        <test-method status="PASS" signature="beforeMethod()[pri:0, instance:net.phptravels.home.SlideUpOnFirefox@1bce4f0a]" name="beforeMethod" is-config="true" duration-ms="14647" started-at="2016-11-11T09:27:01Z" finished-at="2016-11-11T09:27:15Z">
          <reporter-output>
          </reporter-output>
        </test-method> <!-- beforeMethod -->
        <test-method status="PASS" signature="isSearchResultsOpenAfterSearchCar()[pri:0, instance:net.phptravels.home.SlideUpOnFirefox@1bce4f0a]" name="isSearchResultsOpenAfterSearchCar" duration-ms="13132" started-at="2016-11-11T09:27:15Z" finished-at="2016-11-11T09:27:28Z">
          <reporter-output>
          </reporter-output>
        </test-method> <!-- isSearchResultsOpenAfterSearchCar -->
        <test-method status="PASS" signature="afterMethod()[pri:0, instance:net.phptravels.home.SlideUpOnFirefox@1bce4f0a]" name="afterMethod" is-config="true" duration-ms="1858" started-at="2016-11-11T09:27:28Z" finished-at="2016-11-11T09:27:30Z">
          <reporter-output>
          </reporter-output>
        </test-method> <!-- afterMethod -->
        <test-method status="PASS" signature="beforeMethod()[pri:0, instance:net.phptravels.home.SlideUpOnFirefox@1bce4f0a]" name="beforeMethod" is-config="true" duration-ms="17545" started-at="2016-11-11T09:27:30Z" finished-at="2016-11-11T09:27:48Z">
          <reporter-output>
          </reporter-output>
        </test-method> <!-- beforeMethod -->
        <test-method status="PASS" signature="isSearchResultsOpenAfterSearchCar()[pri:0, instance:net.phptravels.home.SlideUpOnFirefox@1bce4f0a]" name="isSearchResultsOpenAfterSearchCar" duration-ms="13767" started-at="2016-11-11T09:27:48Z" finished-at="2016-11-11T09:28:02Z">
          <reporter-output>
          </reporter-output>
        </test-method> <!-- isSearchResultsOpenAfterSearchCar -->
        <test-method status="PASS" signature="afterMethod()[pri:0, instance:net.phptravels.home.SlideUpOnFirefox@1bce4f0a]" name="afterMethod" is-config="true" duration-ms="1008" started-at="2016-11-11T09:28:02Z" finished-at="2016-11-11T09:28:03Z">
          <reporter-output>
          </reporter-output>
        </test-method> <!-- afterMethod -->
        <test-method status="PASS" signature="beforeMethod()[pri:0, instance:net.phptravels.home.SlideUpOnFirefox@1bce4f0a]" name="beforeMethod" is-config="true" duration-ms="15487" started-at="2016-11-11T09:28:03Z" finished-at="2016-11-11T09:28:18Z">
          <reporter-output>
          </reporter-output>
        </test-method> <!-- beforeMethod -->
        <test-method status="PASS" signature="isSearchResultsOpenAfterSearchCar()[pri:0, instance:net.phptravels.home.SlideUpOnFirefox@1bce4f0a]" name="isSearchResultsOpenAfterSearchCar" duration-ms="14429" started-at="2016-11-11T09:28:18Z" finished-at="2016-11-11T09:28:33Z">
          <reporter-output>
          </reporter-output>
        </test-method> <!-- isSearchResultsOpenAfterSearchCar -->
        <test-method status="PASS" signature="afterMethod()[pri:0, instance:net.phptravels.home.SlideUpOnFirefox@1bce4f0a]" name="afterMethod" is-config="true" duration-ms="974" started-at="2016-11-11T09:28:33Z" finished-at="2016-11-11T09:28:34Z">
          <reporter-output>
          </reporter-output>
        </test-method> <!-- afterMethod -->
        <test-method status="PASS" signature="beforeMethod()[pri:0, instance:net.phptravels.home.SlideUpOnFirefox@1bce4f0a]" name="beforeMethod" is-config="true" duration-ms="15966" started-at="2016-11-11T09:28:34Z" finished-at="2016-11-11T09:28:49Z">
          <reporter-output>
          </reporter-output>
        </test-method> <!-- beforeMethod -->
        <test-method status="PASS" signature="isSearchResultsOpenAfterSearchCar()[pri:0, instance:net.phptravels.home.SlideUpOnFirefox@1bce4f0a]" name="isSearchResultsOpenAfterSearchCar" duration-ms="15717" started-at="2016-11-11T09:28:49Z" finished-at="2016-11-11T09:29:05Z">
          <reporter-output>
          </reporter-output>
        </test-method> <!-- isSearchResultsOpenAfterSearchCar -->
        <test-method status="PASS" signature="afterMethod()[pri:0, instance:net.phptravels.home.SlideUpOnFirefox@1bce4f0a]" name="afterMethod" is-config="true" duration-ms="964" started-at="2016-11-11T09:29:05Z" finished-at="2016-11-11T09:29:06Z">
          <reporter-output>
          </reporter-output>
        </test-method> <!-- afterMethod -->
      </class> <!-- net.phptravels.home.SlideUpOnFirefox -->
    </test> <!-- Default test -->
  </suite> <!-- Default suite -->
</testng-results>
